[24-Jul-2025 17:55:17 UTC] Attempting to get DHIS2 config for provided key: 'UiO'
[24-Jul-2025 17:55:17 UTC] SQL Query for DHIS2 config: SELECT url, username, password, instance_key, description, status 
                    FROM dhis2_instances 
                    WHERE instance_key = :key AND status = 1 
                    LIMIT 1
[24-Jul-2025 17:55:17 UTC] Binding parameter :key with value: 'UiO'
[24-Jul-2025 17:55:17 UTC] Successfully retrieved DHIS2 config for key: 'UiO'
[24-Jul-2025 17:55:17 UTC] Attempting to get DHIS2 config for provided key: 'UiO'
[24-Jul-2025 17:55:17 UTC] SQL Query for DHIS2 config: SELECT url, username, password, instance_key, description, status 
                    FROM dhis2_instances 
                    WHERE instance_key = :key AND status = 1 
                    LIMIT 1
[24-Jul-2025 17:55:17 UTC] Binding parameter :key with value: 'UiO'
[24-Jul-2025 17:55:17 UTC] Successfully retrieved DHIS2 config for key: 'UiO'
[24-Jul-2025 17:55:17 UTC] Attempting to get DHIS2 config for provided key: 'UiO'
[24-Jul-2025 17:55:17 UTC] SQL Query for DHIS2 config: SELECT url, username, password, instance_key, description, status 
                    FROM dhis2_instances 
                    WHERE instance_key = :key AND status = 1 
                    LIMIT 1
[24-Jul-2025 17:55:17 UTC] Binding parameter :key with value: 'UiO'
[24-Jul-2025 17:55:17 UTC] Successfully retrieved DHIS2 config for key: 'UiO'
[24-Jul-2025 17:55:17 UTC] DHIS2 API call: GET https://tests.dhis2.hispuganda.org/hmis/api/dataSets?fields=id,name
[24-Jul-2025 17:55:17 UTC] Attempting to get DHIS2 config for provided key: 'UiO'
[24-Jul-2025 17:55:17 UTC] SQL Query for DHIS2 config: SELECT url, username, password, instance_key, description, status 
                    FROM dhis2_instances 
                    WHERE instance_key = :key AND status = 1 
                    LIMIT 1
[24-Jul-2025 17:55:17 UTC] Binding parameter :key with value: 'UiO'
[24-Jul-2025 17:55:17 UTC] Successfully retrieved DHIS2 config for key: 'UiO'
[24-Jul-2025 17:55:17 UTC] HTTP Status: 200
[24-Jul-2025 17:55:17 UTC] DHIS2 Response (first 500 chars): {"pager":{"page":1,"total":45,"pageSize":50,"pageCount":1},"dataSets":[{"name":"Beta Testing Data Set","id":"MxmzmlAdki6"},{"name":"CCH - Climate/Weather","id":"mck6wRvBafz"},{"name":"CHAP test dataset","id":"GwIRyi44faA"},{"name":"District CC DATA Template","id":"FjddpUSKKW1"},{"name":"ETDataset","id":"rmaYTmNPkVA"},{"name":"HMIS 033b - Weekly Epidemiological Surveillance Report","id":"C4oUitImBPK"},{"name":"HMIS 097b - VHT/ICCM Quarterly Report","id":"onFoQ4ko74y"},{"name":"HMIS 104 - NTDS MDA
[24-Jul-2025 17:56:02 UTC] Attempting to get DHIS2 config for provided key: 'eHMIS'
[24-Jul-2025 17:56:02 UTC] SQL Query for DHIS2 config: SELECT url, username, password, instance_key, description, status 
                    FROM dhis2_instances 
                    WHERE instance_key = :key AND status = 1 
                    LIMIT 1
[24-Jul-2025 17:56:02 UTC] Binding parameter :key with value: 'eHMIS'
[24-Jul-2025 17:56:02 UTC] Successfully retrieved DHIS2 config for key: 'eHMIS'
[24-Jul-2025 17:56:02 UTC] Attempting to get DHIS2 config for provided key: 'eHMIS'
[24-Jul-2025 17:56:02 UTC] SQL Query for DHIS2 config: SELECT url, username, password, instance_key, description, status 
                    FROM dhis2_instances 
                    WHERE instance_key = :key AND status = 1 
                    LIMIT 1
[24-Jul-2025 17:56:02 UTC] Binding parameter :key with value: 'eHMIS'
[24-Jul-2025 17:56:02 UTC] Successfully retrieved DHIS2 config for key: 'eHMIS'
[24-Jul-2025 17:56:02 UTC] Attempting to get DHIS2 config for provided key: 'eHMIS'
[24-Jul-2025 17:56:02 UTC] SQL Query for DHIS2 config: SELECT url, username, password, instance_key, description, status 
                    FROM dhis2_instances 
                    WHERE instance_key = :key AND status = 1 
                    LIMIT 1
[24-Jul-2025 17:56:02 UTC] Binding parameter :key with value: 'eHMIS'
[24-Jul-2025 17:56:02 UTC] Successfully retrieved DHIS2 config for key: 'eHMIS'
[24-Jul-2025 17:56:02 UTC] DHIS2 API call: GET https://hmis.moh.go.ug/api/programs?fields=id,name
[24-Jul-2025 17:56:02 UTC] Attempting to get DHIS2 config for provided key: 'eHMIS'
[24-Jul-2025 17:56:02 UTC] SQL Query for DHIS2 config: SELECT url, username, password, instance_key, description, status 
                    FROM dhis2_instances 
                    WHERE instance_key = :key AND status = 1 
                    LIMIT 1
[24-Jul-2025 17:56:02 UTC] Binding parameter :key with value: 'eHMIS'
[24-Jul-2025 17:56:02 UTC] Successfully retrieved DHIS2 config for key: 'eHMIS'
[24-Jul-2025 17:56:02 UTC] CURL Error: Could not resolve host: hmis.moh.go.ug
HTTP Code: 0
Verbose log: * Could not resolve host: hmis.moh.go.ug
* Closing connection 0

[24-Jul-2025 17:56:25 UTC] Attempting to get DHIS2 config for provided key: 'EMIS'
[24-Jul-2025 17:56:25 UTC] SQL Query for DHIS2 config: SELECT url, username, password, instance_key, description, status 
                    FROM dhis2_instances 
                    WHERE instance_key = :key AND status = 1 
                    LIMIT 1
[24-Jul-2025 17:56:25 UTC] Binding parameter :key with value: 'EMIS'
[24-Jul-2025 17:56:25 UTC] Successfully retrieved DHIS2 config for key: 'EMIS'
[24-Jul-2025 17:56:25 UTC] Attempting to get DHIS2 config for provided key: 'EMIS'
[24-Jul-2025 17:56:25 UTC] SQL Query for DHIS2 config: SELECT url, username, password, instance_key, description, status 
                    FROM dhis2_instances 
                    WHERE instance_key = :key AND status = 1 
                    LIMIT 1
[24-Jul-2025 17:56:25 UTC] Binding parameter :key with value: 'EMIS'
[24-Jul-2025 17:56:25 UTC] Successfully retrieved DHIS2 config for key: 'EMIS'
[24-Jul-2025 17:56:25 UTC] Attempting to get DHIS2 config for provided key: 'EMIS'
[24-Jul-2025 17:56:25 UTC] SQL Query for DHIS2 config: SELECT url, username, password, instance_key, description, status 
                    FROM dhis2_instances 
                    WHERE instance_key = :key AND status = 1 
                    LIMIT 1
[24-Jul-2025 17:56:25 UTC] Binding parameter :key with value: 'EMIS'
[24-Jul-2025 17:56:25 UTC] Successfully retrieved DHIS2 config for key: 'EMIS'
[24-Jul-2025 17:56:25 UTC] DHIS2 API call: GET https://emisuganda.org/emis/api/dataSets?fields=id,name
[24-Jul-2025 17:56:25 UTC] Attempting to get DHIS2 config for provided key: 'EMIS'
[24-Jul-2025 17:56:25 UTC] SQL Query for DHIS2 config: SELECT url, username, password, instance_key, description, status 
                    FROM dhis2_instances 
                    WHERE instance_key = :key AND status = 1 
                    LIMIT 1
[24-Jul-2025 17:56:25 UTC] Binding parameter :key with value: 'EMIS'
[24-Jul-2025 17:56:25 UTC] Successfully retrieved DHIS2 config for key: 'EMIS'
[24-Jul-2025 17:56:25 UTC] HTTP Status: 200
[24-Jul-2025 17:56:25 UTC] DHIS2 Response (first 500 chars): {"pager":{"page":1,"total":36,"pageSize":50,"pageCount":1},"dataSets":[{"name":"District Population","id":"lDAYYlKJKOI"},{"name":"Learner Attendance Monitoring Tool","id":"j8vSE9qsOJw"},{"name":"Learner Enrolment Monitoring Tool","id":"H0udrsSm3uF"},{"name":"Monthly Progress Reporting - School Feeding","id":"Z9JEDZZIklD"},{"name":"ND SBS","id":"pKsJlNUCHrL"},{"name":"ND-PP(ECCE)-Report","id":"kAyOUZSDtYZ"},{"name":"ND-Primary Report","id":"KdNCfePqgry"},{"name":"PP - Pre-Primary School Census","
[24-Jul-2025 18:07:45 UTC] Attempting to get DHIS2 config for provided key: 'UiO'
[24-Jul-2025 18:07:45 UTC] SQL Query for DHIS2 config: SELECT url, username, password, instance_key, description, status 
                    FROM dhis2_instances 
                    WHERE instance_key = :key AND status = 1 
                    LIMIT 1
[24-Jul-2025 18:07:45 UTC] Binding parameter :key with value: 'UiO'
[24-Jul-2025 18:07:45 UTC] Successfully retrieved DHIS2 config for key: 'UiO'
[24-Jul-2025 18:07:45 UTC] Attempting to get DHIS2 config for provided key: 'UiO'
[24-Jul-2025 18:07:45 UTC] SQL Query for DHIS2 config: SELECT url, username, password, instance_key, description, status 
                    FROM dhis2_instances 
                    WHERE instance_key = :key AND status = 1 
                    LIMIT 1
[24-Jul-2025 18:07:45 UTC] Binding parameter :key with value: 'UiO'
[24-Jul-2025 18:07:45 UTC] Successfully retrieved DHIS2 config for key: 'UiO'
[24-Jul-2025 18:07:45 UTC] Attempting to get DHIS2 config for provided key: 'UiO'
[24-Jul-2025 18:07:45 UTC] SQL Query for DHIS2 config: SELECT url, username, password, instance_key, description, status 
                    FROM dhis2_instances 
                    WHERE instance_key = :key AND status = 1 
                    LIMIT 1
[24-Jul-2025 18:07:45 UTC] Binding parameter :key with value: 'UiO'
[24-Jul-2025 18:07:45 UTC] Successfully retrieved DHIS2 config for key: 'UiO'
[24-Jul-2025 18:07:45 UTC] DHIS2 API call: GET https://tests.dhis2.hispuganda.org/hmis/api/dataSets?fields=id,name
[24-Jul-2025 18:07:45 UTC] Attempting to get DHIS2 config for provided key: 'UiO'
[24-Jul-2025 18:07:45 UTC] SQL Query for DHIS2 config: SELECT url, username, password, instance_key, description, status 
                    FROM dhis2_instances 
                    WHERE instance_key = :key AND status = 1 
                    LIMIT 1
[24-Jul-2025 18:07:45 UTC] Binding parameter :key with value: 'UiO'
[24-Jul-2025 18:07:45 UTC] Successfully retrieved DHIS2 config for key: 'UiO'
[24-Jul-2025 18:08:11 UTC] HTTP Status: 200
[24-Jul-2025 18:08:11 UTC] DHIS2 Response (first 500 chars): {"pager":{"page":1,"total":45,"pageSize":50,"pageCount":1},"dataSets":[{"name":"Beta Testing Data Set","id":"MxmzmlAdki6"},{"name":"CCH - Climate/Weather","id":"mck6wRvBafz"},{"name":"CHAP test dataset","id":"GwIRyi44faA"},{"name":"District CC DATA Template","id":"FjddpUSKKW1"},{"name":"ETDataset","id":"rmaYTmNPkVA"},{"name":"HMIS 033b - Weekly Epidemiological Surveillance Report","id":"C4oUitImBPK"},{"name":"HMIS 097b - VHT/ICCM Quarterly Report","id":"onFoQ4ko74y"},{"name":"HMIS 104 - NTDS MDA
[24-Jul-2025 18:08:20 UTC] Attempting to get DHIS2 config for provided key: 'UiO'
[24-Jul-2025 18:08:20 UTC] SQL Query for DHIS2 config: SELECT url, username, password, instance_key, description, status 
                    FROM dhis2_instances 
                    WHERE instance_key = :key AND status = 1 
                    LIMIT 1
[24-Jul-2025 18:08:20 UTC] Binding parameter :key with value: 'UiO'
[24-Jul-2025 18:08:20 UTC] Successfully retrieved DHIS2 config for key: 'UiO'
[24-Jul-2025 18:08:20 UTC] Attempting to get DHIS2 config for provided key: 'UiO'
[24-Jul-2025 18:08:20 UTC] SQL Query for DHIS2 config: SELECT url, username, password, instance_key, description, status 
                    FROM dhis2_instances 
                    WHERE instance_key = :key AND status = 1 
                    LIMIT 1
[24-Jul-2025 18:08:20 UTC] Binding parameter :key with value: 'UiO'
[24-Jul-2025 18:08:20 UTC] Successfully retrieved DHIS2 config for key: 'UiO'
[24-Jul-2025 18:08:20 UTC] Attempting to get DHIS2 config for provided key: 'UiO'
[24-Jul-2025 18:08:20 UTC] SQL Query for DHIS2 config: SELECT url, username, password, instance_key, description, status 
                    FROM dhis2_instances 
                    WHERE instance_key = :key AND status = 1 
                    LIMIT 1
[24-Jul-2025 18:08:20 UTC] Binding parameter :key with value: 'UiO'
[24-Jul-2025 18:08:20 UTC] Successfully retrieved DHIS2 config for key: 'UiO'
[24-Jul-2025 18:08:20 UTC] DHIS2 API call: GET https://tests.dhis2.hispuganda.org/hmis/api/dataSets/zXyh8jaafWj?fields=id,name,dataSetElements[dataElement[id,name,optionSet[id,name]]]
[24-Jul-2025 18:08:20 UTC] Attempting to get DHIS2 config for provided key: 'UiO'
[24-Jul-2025 18:08:20 UTC] SQL Query for DHIS2 config: SELECT url, username, password, instance_key, description, status 
                    FROM dhis2_instances 
                    WHERE instance_key = :key AND status = 1 
                    LIMIT 1
[24-Jul-2025 18:08:20 UTC] Binding parameter :key with value: 'UiO'
[24-Jul-2025 18:08:20 UTC] Successfully retrieved DHIS2 config for key: 'UiO'
[24-Jul-2025 18:08:29 UTC] HTTP Status: 200
[24-Jul-2025 18:08:29 UTC] DHIS2 Response (first 500 chars): {"name":"HMIS 128b - Visceral Leishmaniasis Outpatient Monthly Report","dataSetElements":[{"dataElement":{"name":"128B- PS01. VL Pregnancy Status","id":"dJ8VSGBSv1D"}},{"dataElement":{"name":"128B-RD03. Number of New Foci","id":"GucNPfTBF9s"}},{"dataElement":{"name":"128B-RD02b. Active-Negative","id":"qj5uXiyyo5U"}},{"dataElement":{"name":"128B-HV01. HIV Status","id":"y3IljBSpEiF"}},{"dataElement":{"name":"128B-PR01. Splenic Aspirate(SA)","id":"Sov5n8OTc65"}},{"dataElement":{"name":"128B-RD01c. 
[24-Jul-2025 18:11:50 UTC] Attempting to get DHIS2 config for provided key: 'UiO'
[24-Jul-2025 18:11:50 UTC] SQL Query for DHIS2 config: SELECT url, username, password, instance_key, description, status 
                    FROM dhis2_instances 
                    WHERE instance_key = :key AND status = 1 
                    LIMIT 1
[24-Jul-2025 18:11:50 UTC] Binding parameter :key with value: 'UiO'
[24-Jul-2025 18:11:50 UTC] Successfully retrieved DHIS2 config for key: 'UiO'
[24-Jul-2025 18:11:50 UTC] Attempting to get DHIS2 config for provided key: 'UiO'
[24-Jul-2025 18:11:50 UTC] SQL Query for DHIS2 config: SELECT url, username, password, instance_key, description, status 
                    FROM dhis2_instances 
                    WHERE instance_key = :key AND status = 1 
                    LIMIT 1
[24-Jul-2025 18:11:50 UTC] Binding parameter :key with value: 'UiO'
[24-Jul-2025 18:11:50 UTC] Successfully retrieved DHIS2 config for key: 'UiO'
[24-Jul-2025 18:11:50 UTC] Attempting to get DHIS2 config for provided key: 'UiO'
[24-Jul-2025 18:11:50 UTC] SQL Query for DHIS2 config: SELECT url, username, password, instance_key, description, status 
                    FROM dhis2_instances 
                    WHERE instance_key = :key AND status = 1 
                    LIMIT 1
[24-Jul-2025 18:11:50 UTC] Binding parameter :key with value: 'UiO'
[24-Jul-2025 18:11:50 UTC] Successfully retrieved DHIS2 config for key: 'UiO'
[24-Jul-2025 18:11:50 UTC] DHIS2 API call: GET https://tests.dhis2.hispuganda.org/hmis/api/dataSets/YXQPPYkg1f2?fields=id,name,dataSetElements[dataElement[id,name,optionSet[id,name]]]
[24-Jul-2025 18:11:50 UTC] Attempting to get DHIS2 config for provided key: 'UiO'
[24-Jul-2025 18:11:50 UTC] SQL Query for DHIS2 config: SELECT url, username, password, instance_key, description, status 
                    FROM dhis2_instances 
                    WHERE instance_key = :key AND status = 1 
                    LIMIT 1
[24-Jul-2025 18:11:50 UTC] Binding parameter :key with value: 'UiO'
[24-Jul-2025 18:11:50 UTC] Successfully retrieved DHIS2 config for key: 'UiO'
[24-Jul-2025 18:11:50 UTC] HTTP Status: 200
[24-Jul-2025 18:11:50 UTC] DHIS2 Response (first 500 chars): {"name":"HMIS MAL 002 - Malaria Vector Monthly Reporting Form","dataSetElements":[{"dataElement":{"name":"HMIS MAL 002- ER07. Total number of people who slept in an LLIN the previous night","id":"rKrN0BX5aJp"}},{"dataElement":{"name":"HMIS MAL 002- ER04. Number of female anopheles mosquitoes with Sporozoite","id":"cHAk0YPjzyS"}},{"dataElement":{"name":"HMIS MAL 002- ER02. Number of houses inspected","id":"QjhHLTRQiwT"}},{"dataElement":{"name":"HMIS MAL 002- ER05. Total number of people who slept
[24-Jul-2025 18:59:21 UTC] Attempting to get DHIS2 config for provided key: 'UiO'
[24-Jul-2025 18:59:21 UTC] SQL Query for DHIS2 config: SELECT url, username, password, instance_key, description, status 
                    FROM dhis2_instances 
                    WHERE instance_key = :key AND status = 1 
                    LIMIT 1
[24-Jul-2025 18:59:21 UTC] Binding parameter :key with value: 'UiO'
[24-Jul-2025 18:59:21 UTC] Successfully retrieved DHIS2 config for key: 'UiO'
[24-Jul-2025 18:59:21 UTC] Attempting to get DHIS2 config for provided key: 'UiO'
[24-Jul-2025 18:59:21 UTC] SQL Query for DHIS2 config: SELECT url, username, password, instance_key, description, status 
                    FROM dhis2_instances 
                    WHERE instance_key = :key AND status = 1 
                    LIMIT 1
[24-Jul-2025 18:59:21 UTC] Binding parameter :key with value: 'UiO'
[24-Jul-2025 18:59:21 UTC] Successfully retrieved DHIS2 config for key: 'UiO'
[24-Jul-2025 18:59:21 UTC] Attempting to get DHIS2 config for provided key: 'UiO'
[24-Jul-2025 18:59:21 UTC] SQL Query for DHIS2 config: SELECT url, username, password, instance_key, description, status 
                    FROM dhis2_instances 
                    WHERE instance_key = :key AND status = 1 
                    LIMIT 1
[24-Jul-2025 18:59:21 UTC] Binding parameter :key with value: 'UiO'
[24-Jul-2025 18:59:21 UTC] Successfully retrieved DHIS2 config for key: 'UiO'
[24-Jul-2025 18:59:21 UTC] DHIS2 API call: GET https://tests.dhis2.hispuganda.org/hmis/api/organisationUnitLevels?fields=id,level,displayName
[24-Jul-2025 18:59:21 UTC] Attempting to get DHIS2 config for provided key: 'UiO'
[24-Jul-2025 18:59:21 UTC] SQL Query for DHIS2 config: SELECT url, username, password, instance_key, description, status 
                    FROM dhis2_instances 
                    WHERE instance_key = :key AND status = 1 
                    LIMIT 1
[24-Jul-2025 18:59:21 UTC] Binding parameter :key with value: 'UiO'
[24-Jul-2025 18:59:21 UTC] Successfully retrieved DHIS2 config for key: 'UiO'
[24-Jul-2025 18:59:23 UTC] HTTP Status: 200
[24-Jul-2025 18:59:23 UTC] DHIS2 Response (first 500 chars): {"pager":{"page":1,"total":5,"pageSize":50,"pageCount":1},"organisationUnitLevels":[{"level":3,"displayName":"District","id":"iITwmH31lPe"},{"level":5,"displayName":"Health Facility","id":"Sg9YZ6o7bCQ"},{"level":1,"displayName":"National","id":"Qwwy9GM6dFu"},{"level":2,"displayName":"Region","id":"CfnWgqkxbyg"},{"level":4,"displayName":"Sub County/Town Council/Div","id":"NGXlJhHTDdV"}]}
[24-Jul-2025 18:59:34 UTC] Attempting to get DHIS2 config for provided key: 'EMIS'
[24-Jul-2025 18:59:34 UTC] SQL Query for DHIS2 config: SELECT url, username, password, instance_key, description, status 
                    FROM dhis2_instances 
                    WHERE instance_key = :key AND status = 1 
                    LIMIT 1
[24-Jul-2025 18:59:34 UTC] Binding parameter :key with value: 'EMIS'
[24-Jul-2025 18:59:34 UTC] Successfully retrieved DHIS2 config for key: 'EMIS'
[24-Jul-2025 18:59:34 UTC] Attempting to get DHIS2 config for provided key: 'EMIS'
[24-Jul-2025 18:59:34 UTC] SQL Query for DHIS2 config: SELECT url, username, password, instance_key, description, status 
                    FROM dhis2_instances 
                    WHERE instance_key = :key AND status = 1 
                    LIMIT 1
[24-Jul-2025 18:59:34 UTC] Binding parameter :key with value: 'EMIS'
[24-Jul-2025 18:59:34 UTC] Successfully retrieved DHIS2 config for key: 'EMIS'
[24-Jul-2025 18:59:34 UTC] Attempting to get DHIS2 config for provided key: 'EMIS'
[24-Jul-2025 18:59:34 UTC] SQL Query for DHIS2 config: SELECT url, username, password, instance_key, description, status 
                    FROM dhis2_instances 
                    WHERE instance_key = :key AND status = 1 
                    LIMIT 1
[24-Jul-2025 18:59:34 UTC] Binding parameter :key with value: 'EMIS'
[24-Jul-2025 18:59:34 UTC] Successfully retrieved DHIS2 config for key: 'EMIS'
[24-Jul-2025 18:59:34 UTC] DHIS2 API call: GET https://emisuganda.org/emis/api/organisationUnitLevels?fields=id,level,displayName
[24-Jul-2025 18:59:34 UTC] Attempting to get DHIS2 config for provided key: 'EMIS'
[24-Jul-2025 18:59:34 UTC] SQL Query for DHIS2 config: SELECT url, username, password, instance_key, description, status 
                    FROM dhis2_instances 
                    WHERE instance_key = :key AND status = 1 
                    LIMIT 1
[24-Jul-2025 18:59:34 UTC] Binding parameter :key with value: 'EMIS'
[24-Jul-2025 18:59:34 UTC] Successfully retrieved DHIS2 config for key: 'EMIS'
[24-Jul-2025 18:59:34 UTC] HTTP Status: 200
[24-Jul-2025 18:59:34 UTC] DHIS2 Response (first 500 chars): {"pager":{"page":1,"total":8,"pageSize":50,"pageCount":1},"organisationUnitLevels":[{"level":3,"displayName":"District","id":"rIJqxNmVvMR"},{"level":8,"displayName":"Level 8","id":"JEg76BKStvd"},{"level":4,"displayName":"MC/CC/DLG","id":"QsWp5TJdnn6"},{"level":1,"displayName":"National","id":"tK8wKE2QH6p"},{"level":6,"displayName":"Parishes","id":"RfPeRkILLJJ"},{"level":2,"displayName":"Region","id":"e0b1slUmwcK"},{"level":7,"displayName":"Schools","id":"OT9v7uJbcKb"},{"level":5,"displayName":"S
[24-Jul-2025 18:59:39 UTC] Attempting to get DHIS2 config for provided key: 'eHMIS'
[24-Jul-2025 18:59:39 UTC] SQL Query for DHIS2 config: SELECT url, username, password, instance_key, description, status 
                    FROM dhis2_instances 
                    WHERE instance_key = :key AND status = 1 
                    LIMIT 1
[24-Jul-2025 18:59:39 UTC] Binding parameter :key with value: 'eHMIS'
[24-Jul-2025 18:59:39 UTC] Successfully retrieved DHIS2 config for key: 'eHMIS'
[24-Jul-2025 18:59:39 UTC] Attempting to get DHIS2 config for provided key: 'eHMIS'
[24-Jul-2025 18:59:39 UTC] SQL Query for DHIS2 config: SELECT url, username, password, instance_key, description, status 
                    FROM dhis2_instances 
                    WHERE instance_key = :key AND status = 1 
                    LIMIT 1
[24-Jul-2025 18:59:39 UTC] Binding parameter :key with value: 'eHMIS'
[24-Jul-2025 18:59:39 UTC] Successfully retrieved DHIS2 config for key: 'eHMIS'
[24-Jul-2025 18:59:39 UTC] Attempting to get DHIS2 config for provided key: 'eHMIS'
[24-Jul-2025 18:59:39 UTC] SQL Query for DHIS2 config: SELECT url, username, password, instance_key, description, status 
                    FROM dhis2_instances 
                    WHERE instance_key = :key AND status = 1 
                    LIMIT 1
[24-Jul-2025 18:59:39 UTC] Binding parameter :key with value: 'eHMIS'
[24-Jul-2025 18:59:39 UTC] Successfully retrieved DHIS2 config for key: 'eHMIS'
[24-Jul-2025 18:59:39 UTC] DHIS2 API call: GET https://hmis.moh.go.ug/api/organisationUnitLevels?fields=id,level,displayName
[24-Jul-2025 18:59:39 UTC] Attempting to get DHIS2 config for provided key: 'eHMIS'
[24-Jul-2025 18:59:39 UTC] SQL Query for DHIS2 config: SELECT url, username, password, instance_key, description, status 
                    FROM dhis2_instances 
                    WHERE instance_key = :key AND status = 1 
                    LIMIT 1
[24-Jul-2025 18:59:39 UTC] Binding parameter :key with value: 'eHMIS'
[24-Jul-2025 18:59:39 UTC] Successfully retrieved DHIS2 config for key: 'eHMIS'
[24-Jul-2025 18:59:39 UTC] CURL Error: Could not resolve host: hmis.moh.go.ug
HTTP Code: 0
Verbose log: * Could not resolve host: hmis.moh.go.ug
* Closing connection 0

[24-Jul-2025 18:59:45 UTC] Attempting to get DHIS2 config for provided key: 'UiO'
[24-Jul-2025 18:59:45 UTC] SQL Query for DHIS2 config: SELECT url, username, password, instance_key, description, status 
                    FROM dhis2_instances 
                    WHERE instance_key = :key AND status = 1 
                    LIMIT 1
[24-Jul-2025 18:59:45 UTC] Binding parameter :key with value: 'UiO'
[24-Jul-2025 18:59:45 UTC] Successfully retrieved DHIS2 config for key: 'UiO'
[24-Jul-2025 18:59:45 UTC] Attempting to get DHIS2 config for provided key: 'UiO'
[24-Jul-2025 18:59:45 UTC] SQL Query for DHIS2 config: SELECT url, username, password, instance_key, description, status 
                    FROM dhis2_instances 
                    WHERE instance_key = :key AND status = 1 
                    LIMIT 1
[24-Jul-2025 18:59:45 UTC] Binding parameter :key with value: 'UiO'
[24-Jul-2025 18:59:45 UTC] Successfully retrieved DHIS2 config for key: 'UiO'
[24-Jul-2025 18:59:45 UTC] Attempting to get DHIS2 config for provided key: 'UiO'
[24-Jul-2025 18:59:45 UTC] SQL Query for DHIS2 config: SELECT url, username, password, instance_key, description, status 
                    FROM dhis2_instances 
                    WHERE instance_key = :key AND status = 1 
                    LIMIT 1
[24-Jul-2025 18:59:45 UTC] Binding parameter :key with value: 'UiO'
[24-Jul-2025 18:59:45 UTC] Successfully retrieved DHIS2 config for key: 'UiO'
[24-Jul-2025 18:59:45 UTC] DHIS2 API call: GET https://tests.dhis2.hispuganda.org/hmis/api/organisationUnitLevels?fields=id,level,displayName
[24-Jul-2025 18:59:45 UTC] Attempting to get DHIS2 config for provided key: 'UiO'
[24-Jul-2025 18:59:45 UTC] SQL Query for DHIS2 config: SELECT url, username, password, instance_key, description, status 
                    FROM dhis2_instances 
                    WHERE instance_key = :key AND status = 1 
                    LIMIT 1
[24-Jul-2025 18:59:45 UTC] Binding parameter :key with value: 'UiO'
[24-Jul-2025 18:59:45 UTC] Successfully retrieved DHIS2 config for key: 'UiO'
[24-Jul-2025 18:59:45 UTC] HTTP Status: 200
[24-Jul-2025 18:59:45 UTC] DHIS2 Response (first 500 chars): {"pager":{"page":1,"total":5,"pageSize":50,"pageCount":1},"organisationUnitLevels":[{"level":3,"displayName":"District","id":"iITwmH31lPe"},{"level":5,"displayName":"Health Facility","id":"Sg9YZ6o7bCQ"},{"level":1,"displayName":"National","id":"Qwwy9GM6dFu"},{"level":2,"displayName":"Region","id":"CfnWgqkxbyg"},{"level":4,"displayName":"Sub County/Town Council/Div","id":"NGXlJhHTDdV"}]}
[24-Jul-2025 18:59:51 UTC] Attempting to get DHIS2 config for provided key: 'UiO'
[24-Jul-2025 18:59:51 UTC] SQL Query for DHIS2 config: SELECT url, username, password, instance_key, description, status 
                    FROM dhis2_instances 
                    WHERE instance_key = :key AND status = 1 
                    LIMIT 1
[24-Jul-2025 18:59:51 UTC] Binding parameter :key with value: 'UiO'
[24-Jul-2025 18:59:51 UTC] Successfully retrieved DHIS2 config for key: 'UiO'
[24-Jul-2025 18:59:51 UTC] Attempting to get DHIS2 config for provided key: 'UiO'
[24-Jul-2025 18:59:51 UTC] SQL Query for DHIS2 config: SELECT url, username, password, instance_key, description, status 
                    FROM dhis2_instances 
                    WHERE instance_key = :key AND status = 1 
                    LIMIT 1
[24-Jul-2025 18:59:51 UTC] Binding parameter :key with value: 'UiO'
[24-Jul-2025 18:59:51 UTC] Successfully retrieved DHIS2 config for key: 'UiO'
[24-Jul-2025 18:59:51 UTC] Attempting to get DHIS2 config for provided key: 'UiO'
[24-Jul-2025 18:59:51 UTC] SQL Query for DHIS2 config: SELECT url, username, password, instance_key, description, status 
                    FROM dhis2_instances 
                    WHERE instance_key = :key AND status = 1 
                    LIMIT 1
[24-Jul-2025 18:59:51 UTC] Binding parameter :key with value: 'UiO'
[24-Jul-2025 18:59:51 UTC] Successfully retrieved DHIS2 config for key: 'UiO'
[24-Jul-2025 18:59:51 UTC] DHIS2 API call: GET https://tests.dhis2.hispuganda.org/hmis/api/organisationUnits?fields=id,name,path,level,parent[id]&filter=level:eq:3&paging=false
[24-Jul-2025 18:59:51 UTC] Attempting to get DHIS2 config for provided key: 'UiO'
[24-Jul-2025 18:59:51 UTC] SQL Query for DHIS2 config: SELECT url, username, password, instance_key, description, status 
                    FROM dhis2_instances 
                    WHERE instance_key = :key AND status = 1 
                    LIMIT 1
[24-Jul-2025 18:59:51 UTC] Binding parameter :key with value: 'UiO'
[24-Jul-2025 18:59:51 UTC] Successfully retrieved DHIS2 config for key: 'UiO'
[24-Jul-2025 18:59:52 UTC] HTTP Status: 200
[24-Jul-2025 18:59:52 UTC] DHIS2 Response (first 500 chars): {"organisationUnits":[{"name":"Abim District","parent":{"id":"jdlbNUwJiKX"},"path":"/akV6429SUqu/jdlbNUwJiKX/NREoMszwQZW","id":"NREoMszwQZW","level":3},{"name":"Adjumani District","parent":{"id":"BD3XaQ7cQAp"},"path":"/akV6429SUqu/BD3XaQ7cQAp/QYiQ2KqgCxj","id":"QYiQ2KqgCxj","level":3},{"name":"Agago District","parent":{"id":"SUvODYOcaVf"},"path":"/akV6429SUqu/SUvODYOcaVf/ztIyIYAzFKp","id":"ztIyIYAzFKp","level":3},{"name":"Alebtong District","parent":{"id":"DWPnYhoqza0"},"path":"/akV6429SUqu/DWPn
[24-Jul-2025 19:03:34 UTC] Attempting to get DHIS2 config for provided key: 'UiO'
[24-Jul-2025 19:03:34 UTC] SQL Query for DHIS2 config: SELECT url, username, password, instance_key, description, status 
                    FROM dhis2_instances 
                    WHERE instance_key = :key AND status = 1 
                    LIMIT 1
[24-Jul-2025 19:03:34 UTC] Binding parameter :key with value: 'UiO'
[24-Jul-2025 19:03:34 UTC] Successfully retrieved DHIS2 config for key: 'UiO'
[24-Jul-2025 19:03:34 UTC] Attempting to get DHIS2 config for provided key: 'UiO'
[24-Jul-2025 19:03:34 UTC] SQL Query for DHIS2 config: SELECT url, username, password, instance_key, description, status 
                    FROM dhis2_instances 
                    WHERE instance_key = :key AND status = 1 
                    LIMIT 1
[24-Jul-2025 19:03:34 UTC] Binding parameter :key with value: 'UiO'
[24-Jul-2025 19:03:34 UTC] Successfully retrieved DHIS2 config for key: 'UiO'
[24-Jul-2025 19:03:34 UTC] Attempting to get DHIS2 config for provided key: 'UiO'
[24-Jul-2025 19:03:34 UTC] SQL Query for DHIS2 config: SELECT url, username, password, instance_key, description, status 
                    FROM dhis2_instances 
                    WHERE instance_key = :key AND status = 1 
                    LIMIT 1
[24-Jul-2025 19:03:34 UTC] Binding parameter :key with value: 'UiO'
[24-Jul-2025 19:03:34 UTC] Successfully retrieved DHIS2 config for key: 'UiO'
[24-Jul-2025 19:03:34 UTC] DHIS2 API call: GET https://tests.dhis2.hispuganda.org/hmis/api/organisationUnits?fields=id,name,path,level,parent[id]&filter=level:eq:3&paging=false
[24-Jul-2025 19:03:34 UTC] Attempting to get DHIS2 config for provided key: 'UiO'
[24-Jul-2025 19:03:34 UTC] SQL Query for DHIS2 config: SELECT url, username, password, instance_key, description, status 
                    FROM dhis2_instances 
                    WHERE instance_key = :key AND status = 1 
                    LIMIT 1
[24-Jul-2025 19:03:34 UTC] Binding parameter :key with value: 'UiO'
[24-Jul-2025 19:03:34 UTC] Successfully retrieved DHIS2 config for key: 'UiO'
[24-Jul-2025 19:03:36 UTC] HTTP Status: 200
[24-Jul-2025 19:03:36 UTC] DHIS2 Response (first 500 chars): {"organisationUnits":[{"name":"Abim District","parent":{"id":"jdlbNUwJiKX"},"path":"/akV6429SUqu/jdlbNUwJiKX/NREoMszwQZW","id":"NREoMszwQZW","level":3},{"name":"Adjumani District","parent":{"id":"BD3XaQ7cQAp"},"path":"/akV6429SUqu/BD3XaQ7cQAp/QYiQ2KqgCxj","id":"QYiQ2KqgCxj","level":3},{"name":"Agago District","parent":{"id":"SUvODYOcaVf"},"path":"/akV6429SUqu/SUvODYOcaVf/ztIyIYAzFKp","id":"ztIyIYAzFKp","level":3},{"name":"Alebtong District","parent":{"id":"DWPnYhoqza0"},"path":"/akV6429SUqu/DWPn
[24-Jul-2025 19:46:22 UTC] Attempting to get DHIS2 config for provided key: 'UiO'
[24-Jul-2025 19:46:22 UTC] SQL Query for DHIS2 config: SELECT url, username, password, instance_key, description, status 
                    FROM dhis2_instances 
                    WHERE instance_key = :key AND status = 1 
                    LIMIT 1
[24-Jul-2025 19:46:22 UTC] Binding parameter :key with value: 'UiO'
[24-Jul-2025 19:46:22 UTC] Successfully retrieved DHIS2 config for key: 'UiO'
[24-Jul-2025 19:46:22 UTC] Attempting to get DHIS2 config for provided key: 'UiO'
[24-Jul-2025 19:46:22 UTC] SQL Query for DHIS2 config: SELECT url, username, password, instance_key, description, status 
                    FROM dhis2_instances 
                    WHERE instance_key = :key AND status = 1 
                    LIMIT 1
[24-Jul-2025 19:46:22 UTC] Binding parameter :key with value: 'UiO'
[24-Jul-2025 19:46:22 UTC] Successfully retrieved DHIS2 config for key: 'UiO'
[24-Jul-2025 19:46:22 UTC] Attempting to get DHIS2 config for provided key: 'UiO'
[24-Jul-2025 19:46:22 UTC] SQL Query for DHIS2 config: SELECT url, username, password, instance_key, description, status 
                    FROM dhis2_instances 
                    WHERE instance_key = :key AND status = 1 
                    LIMIT 1
[24-Jul-2025 19:46:22 UTC] Binding parameter :key with value: 'UiO'
[24-Jul-2025 19:46:22 UTC] Successfully retrieved DHIS2 config for key: 'UiO'
[24-Jul-2025 19:46:22 UTC] DHIS2 API call: GET https://tests.dhis2.hispuganda.org/hmis/api/organisationUnitLevels?fields=id,level,displayName
[24-Jul-2025 19:46:22 UTC] Attempting to get DHIS2 config for provided key: 'UiO'
[24-Jul-2025 19:46:22 UTC] SQL Query for DHIS2 config: SELECT url, username, password, instance_key, description, status 
                    FROM dhis2_instances 
                    WHERE instance_key = :key AND status = 1 
                    LIMIT 1
[24-Jul-2025 19:46:22 UTC] Binding parameter :key with value: 'UiO'
[24-Jul-2025 19:46:22 UTC] Successfully retrieved DHIS2 config for key: 'UiO'
[24-Jul-2025 19:46:23 UTC] HTTP Status: 200
[24-Jul-2025 19:46:23 UTC] DHIS2 Response (first 500 chars): {"pager":{"page":1,"total":5,"pageSize":50,"pageCount":1},"organisationUnitLevels":[{"level":3,"displayName":"District","id":"iITwmH31lPe"},{"level":5,"displayName":"Health Facility","id":"Sg9YZ6o7bCQ"},{"level":1,"displayName":"National","id":"Qwwy9GM6dFu"},{"level":2,"displayName":"Region","id":"CfnWgqkxbyg"},{"level":4,"displayName":"Sub County/Town Council/Div","id":"NGXlJhHTDdV"}]}
[24-Jul-2025 19:46:28 UTC] Attempting to get DHIS2 config for provided key: 'UiO'
[24-Jul-2025 19:46:28 UTC] SQL Query for DHIS2 config: SELECT url, username, password, instance_key, description, status 
                    FROM dhis2_instances 
                    WHERE instance_key = :key AND status = 1 
                    LIMIT 1
[24-Jul-2025 19:46:28 UTC] Binding parameter :key with value: 'UiO'
[24-Jul-2025 19:46:28 UTC] Successfully retrieved DHIS2 config for key: 'UiO'
[24-Jul-2025 19:46:28 UTC] Attempting to get DHIS2 config for provided key: 'UiO'
[24-Jul-2025 19:46:28 UTC] SQL Query for DHIS2 config: SELECT url, username, password, instance_key, description, status 
                    FROM dhis2_instances 
                    WHERE instance_key = :key AND status = 1 
                    LIMIT 1
[24-Jul-2025 19:46:28 UTC] Binding parameter :key with value: 'UiO'
[24-Jul-2025 19:46:28 UTC] Successfully retrieved DHIS2 config for key: 'UiO'
[24-Jul-2025 19:46:28 UTC] Attempting to get DHIS2 config for provided key: 'UiO'
[24-Jul-2025 19:46:28 UTC] SQL Query for DHIS2 config: SELECT url, username, password, instance_key, description, status 
                    FROM dhis2_instances 
                    WHERE instance_key = :key AND status = 1 
                    LIMIT 1
[24-Jul-2025 19:46:28 UTC] Binding parameter :key with value: 'UiO'
[24-Jul-2025 19:46:28 UTC] Successfully retrieved DHIS2 config for key: 'UiO'
[24-Jul-2025 19:46:28 UTC] DHIS2 API call: GET https://tests.dhis2.hispuganda.org/hmis/api/organisationUnits?fields=id,name,path,level,parent[id]&filter=level:eq:1&paging=false
[24-Jul-2025 19:46:28 UTC] Attempting to get DHIS2 config for provided key: 'UiO'
[24-Jul-2025 19:46:28 UTC] SQL Query for DHIS2 config: SELECT url, username, password, instance_key, description, status 
                    FROM dhis2_instances 
                    WHERE instance_key = :key AND status = 1 
                    LIMIT 1
[24-Jul-2025 19:46:28 UTC] Binding parameter :key with value: 'UiO'
[24-Jul-2025 19:46:28 UTC] Successfully retrieved DHIS2 config for key: 'UiO'
[24-Jul-2025 19:46:28 UTC] HTTP Status: 200
[24-Jul-2025 19:46:28 UTC] DHIS2 Response (first 500 chars): {"organisationUnits":[{"name":"MOH - Uganda","path":"/akV6429SUqu","id":"akV6429SUqu","level":1}]}
[24-Jul-2025 19:47:41 UTC] Attempting to get DHIS2 config for provided key: 'UiO'
[24-Jul-2025 19:47:41 UTC] SQL Query for DHIS2 config: SELECT url, username, password, instance_key, description, status 
                    FROM dhis2_instances 
                    WHERE instance_key = :key AND status = 1 
                    LIMIT 1
[24-Jul-2025 19:47:41 UTC] Binding parameter :key with value: 'UiO'
[24-Jul-2025 19:47:41 UTC] Successfully retrieved DHIS2 config for key: 'UiO'
[24-Jul-2025 19:47:41 UTC] Attempting to get DHIS2 config for provided key: 'UiO'
[24-Jul-2025 19:47:41 UTC] SQL Query for DHIS2 config: SELECT url, username, password, instance_key, description, status 
                    FROM dhis2_instances 
                    WHERE instance_key = :key AND status = 1 
                    LIMIT 1
[24-Jul-2025 19:47:41 UTC] Binding parameter :key with value: 'UiO'
[24-Jul-2025 19:47:41 UTC] Successfully retrieved DHIS2 config for key: 'UiO'
[24-Jul-2025 19:47:41 UTC] Attempting to get DHIS2 config for provided key: 'UiO'
[24-Jul-2025 19:47:41 UTC] SQL Query for DHIS2 config: SELECT url, username, password, instance_key, description, status 
                    FROM dhis2_instances 
                    WHERE instance_key = :key AND status = 1 
                    LIMIT 1
[24-Jul-2025 19:47:41 UTC] Binding parameter :key with value: 'UiO'
[24-Jul-2025 19:47:41 UTC] Successfully retrieved DHIS2 config for key: 'UiO'
[24-Jul-2025 19:47:41 UTC] DHIS2 API call: GET https://tests.dhis2.hispuganda.org/hmis/api/organisationUnitLevels?fields=id,level,displayName
[24-Jul-2025 19:47:41 UTC] Attempting to get DHIS2 config for provided key: 'UiO'
[24-Jul-2025 19:47:41 UTC] SQL Query for DHIS2 config: SELECT url, username, password, instance_key, description, status 
                    FROM dhis2_instances 
                    WHERE instance_key = :key AND status = 1 
                    LIMIT 1
[24-Jul-2025 19:47:41 UTC] Binding parameter :key with value: 'UiO'
[24-Jul-2025 19:47:41 UTC] Successfully retrieved DHIS2 config for key: 'UiO'
[24-Jul-2025 19:47:56 UTC] HTTP Status: 200
[24-Jul-2025 19:47:56 UTC] DHIS2 Response (first 500 chars): {"pager":{"page":1,"total":5,"pageSize":50,"pageCount":1},"organisationUnitLevels":[{"level":3,"displayName":"District","id":"iITwmH31lPe"},{"level":5,"displayName":"Health Facility","id":"Sg9YZ6o7bCQ"},{"level":1,"displayName":"National","id":"Qwwy9GM6dFu"},{"level":2,"displayName":"Region","id":"CfnWgqkxbyg"},{"level":4,"displayName":"Sub County/Town Council/Div","id":"NGXlJhHTDdV"}]}
[24-Jul-2025 19:48:03 UTC] Attempting to get DHIS2 config for provided key: 'UiO'
[24-Jul-2025 19:48:03 UTC] SQL Query for DHIS2 config: SELECT url, username, password, instance_key, description, status 
                    FROM dhis2_instances 
                    WHERE instance_key = :key AND status = 1 
                    LIMIT 1
[24-Jul-2025 19:48:03 UTC] Binding parameter :key with value: 'UiO'
[24-Jul-2025 19:48:03 UTC] Successfully retrieved DHIS2 config for key: 'UiO'
[24-Jul-2025 19:48:03 UTC] Attempting to get DHIS2 config for provided key: 'UiO'
[24-Jul-2025 19:48:03 UTC] SQL Query for DHIS2 config: SELECT url, username, password, instance_key, description, status 
                    FROM dhis2_instances 
                    WHERE instance_key = :key AND status = 1 
                    LIMIT 1
[24-Jul-2025 19:48:03 UTC] Binding parameter :key with value: 'UiO'
[24-Jul-2025 19:48:03 UTC] Successfully retrieved DHIS2 config for key: 'UiO'
[24-Jul-2025 19:48:03 UTC] Attempting to get DHIS2 config for provided key: 'UiO'
[24-Jul-2025 19:48:03 UTC] SQL Query for DHIS2 config: SELECT url, username, password, instance_key, description, status 
                    FROM dhis2_instances 
                    WHERE instance_key = :key AND status = 1 
                    LIMIT 1
[24-Jul-2025 19:48:03 UTC] Binding parameter :key with value: 'UiO'
[24-Jul-2025 19:48:03 UTC] Successfully retrieved DHIS2 config for key: 'UiO'
[24-Jul-2025 19:48:03 UTC] DHIS2 API call: GET https://tests.dhis2.hispuganda.org/hmis/api/organisationUnits?fields=id,name,path,level,parent[id]&filter=level:eq:1&paging=false
[24-Jul-2025 19:48:03 UTC] Attempting to get DHIS2 config for provided key: 'UiO'
[24-Jul-2025 19:48:03 UTC] SQL Query for DHIS2 config: SELECT url, username, password, instance_key, description, status 
                    FROM dhis2_instances 
                    WHERE instance_key = :key AND status = 1 
                    LIMIT 1
[24-Jul-2025 19:48:03 UTC] Binding parameter :key with value: 'UiO'
[24-Jul-2025 19:48:03 UTC] Successfully retrieved DHIS2 config for key: 'UiO'
[24-Jul-2025 19:53:04 UTC] CURL Error: Operation timed out after 300205 milliseconds with 0 out of 0 bytes received
HTTP Code: 0
Verbose log: *   Trying 84.46.240.218:443...
* Connected to tests.dhis2.hispuganda.org (84.46.240.218) port 443 (#0)
* ALPN, offering h2
* ALPN, offering http/1.1
* successfully set certificate verify locations:
*  CAfile: /Applications/MAMP/Library/OpenSSL/certs/cacert.pem
*  CApath: none
* Operation timed out after 300205 milliseconds with 0 out of 0 bytes received
* Closing connection 0

[24-Jul-2025 19:53:04 UTC] Attempting to get DHIS2 config for provided key: 'UiO'
[24-Jul-2025 19:53:04 UTC] SQL Query for DHIS2 config: SELECT url, username, password, instance_key, description, status 
                    FROM dhis2_instances 
                    WHERE instance_key = :key AND status = 1 
                    LIMIT 1
[24-Jul-2025 19:53:04 UTC] Binding parameter :key with value: 'UiO'
[24-Jul-2025 19:53:04 UTC] Successfully retrieved DHIS2 config for key: 'UiO'
[24-Jul-2025 19:53:04 UTC] Attempting to get DHIS2 config for provided key: 'UiO'
[24-Jul-2025 19:53:04 UTC] SQL Query for DHIS2 config: SELECT url, username, password, instance_key, description, status 
                    FROM dhis2_instances 
                    WHERE instance_key = :key AND status = 1 
                    LIMIT 1
[24-Jul-2025 19:53:04 UTC] Binding parameter :key with value: 'UiO'
[24-Jul-2025 19:53:04 UTC] Successfully retrieved DHIS2 config for key: 'UiO'
[24-Jul-2025 19:53:04 UTC] Attempting to get DHIS2 config for provided key: 'UiO'
[24-Jul-2025 19:53:04 UTC] SQL Query for DHIS2 config: SELECT url, username, password, instance_key, description, status 
                    FROM dhis2_instances 
                    WHERE instance_key = :key AND status = 1 
                    LIMIT 1
[24-Jul-2025 19:53:04 UTC] Binding parameter :key with value: 'UiO'
[24-Jul-2025 19:53:04 UTC] Successfully retrieved DHIS2 config for key: 'UiO'
[24-Jul-2025 19:53:04 UTC] DHIS2 API call: GET https://tests.dhis2.hispuganda.org/hmis/api/organisationUnits?fields=id,name,path,level,parent[id]&filter=level:eq:1&paging=false
[24-Jul-2025 19:53:04 UTC] Attempting to get DHIS2 config for provided key: 'UiO'
[24-Jul-2025 19:53:04 UTC] SQL Query for DHIS2 config: SELECT url, username, password, instance_key, description, status 
                    FROM dhis2_instances 
                    WHERE instance_key = :key AND status = 1 
                    LIMIT 1
[24-Jul-2025 19:53:04 UTC] Binding parameter :key with value: 'UiO'
[24-Jul-2025 19:53:04 UTC] Successfully retrieved DHIS2 config for key: 'UiO'
[24-Jul-2025 19:53:09 UTC] CURL Error: Could not resolve host: tests.dhis2.hispuganda.org
HTTP Code: 0
Verbose log: * Could not resolve host: tests.dhis2.hispuganda.org
* Closing connection 0

[24-Jul-2025 19:53:09 UTC] Attempting to get DHIS2 config for provided key: 'UiO'
[24-Jul-2025 19:53:09 UTC] SQL Query for DHIS2 config: SELECT url, username, password, instance_key, description, status 
                    FROM dhis2_instances 
                    WHERE instance_key = :key AND status = 1 
                    LIMIT 1
[24-Jul-2025 19:53:09 UTC] Binding parameter :key with value: 'UiO'
[24-Jul-2025 19:53:09 UTC] Successfully retrieved DHIS2 config for key: 'UiO'
[24-Jul-2025 19:53:09 UTC] Attempting to get DHIS2 config for provided key: 'UiO'
[24-Jul-2025 19:53:09 UTC] SQL Query for DHIS2 config: SELECT url, username, password, instance_key, description, status 
                    FROM dhis2_instances 
                    WHERE instance_key = :key AND status = 1 
                    LIMIT 1
[24-Jul-2025 19:53:09 UTC] Binding parameter :key with value: 'UiO'
[24-Jul-2025 19:53:09 UTC] Successfully retrieved DHIS2 config for key: 'UiO'
[24-Jul-2025 19:53:09 UTC] Attempting to get DHIS2 config for provided key: 'UiO'
[24-Jul-2025 19:53:09 UTC] SQL Query for DHIS2 config: SELECT url, username, password, instance_key, description, status 
                    FROM dhis2_instances 
                    WHERE instance_key = :key AND status = 1 
                    LIMIT 1
[24-Jul-2025 19:53:09 UTC] Binding parameter :key with value: 'UiO'
[24-Jul-2025 19:53:09 UTC] Successfully retrieved DHIS2 config for key: 'UiO'
[24-Jul-2025 19:53:09 UTC] DHIS2 API call: GET https://tests.dhis2.hispuganda.org/hmis/api/organisationUnits?fields=id,name,path,level,parent[id]&filter=level:eq:1&paging=false
[24-Jul-2025 19:53:09 UTC] Attempting to get DHIS2 config for provided key: 'UiO'
[24-Jul-2025 19:53:09 UTC] SQL Query for DHIS2 config: SELECT url, username, password, instance_key, description, status 
                    FROM dhis2_instances 
                    WHERE instance_key = :key AND status = 1 
                    LIMIT 1
[24-Jul-2025 19:53:09 UTC] Binding parameter :key with value: 'UiO'
[24-Jul-2025 19:53:09 UTC] Successfully retrieved DHIS2 config for key: 'UiO'
[24-Jul-2025 19:53:09 UTC] CURL Error: Could not resolve host: tests.dhis2.hispuganda.org
HTTP Code: 0
Verbose log: * Could not resolve host: tests.dhis2.hispuganda.org
* Closing connection 0

[24-Jul-2025 19:53:09 UTC] Attempting to get DHIS2 config for provided key: 'UiO'
[24-Jul-2025 19:53:09 UTC] SQL Query for DHIS2 config: SELECT url, username, password, instance_key, description, status 
                    FROM dhis2_instances 
                    WHERE instance_key = :key AND status = 1 
                    LIMIT 1
[24-Jul-2025 19:53:09 UTC] Binding parameter :key with value: 'UiO'
[24-Jul-2025 19:53:09 UTC] Successfully retrieved DHIS2 config for key: 'UiO'
[24-Jul-2025 19:53:09 UTC] Attempting to get DHIS2 config for provided key: 'UiO'
[24-Jul-2025 19:53:09 UTC] SQL Query for DHIS2 config: SELECT url, username, password, instance_key, description, status 
                    FROM dhis2_instances 
                    WHERE instance_key = :key AND status = 1 
                    LIMIT 1
[24-Jul-2025 19:53:09 UTC] Binding parameter :key with value: 'UiO'
[24-Jul-2025 19:53:09 UTC] Successfully retrieved DHIS2 config for key: 'UiO'
[24-Jul-2025 19:53:09 UTC] Attempting to get DHIS2 config for provided key: 'UiO'
[24-Jul-2025 19:53:09 UTC] SQL Query for DHIS2 config: SELECT url, username, password, instance_key, description, status 
                    FROM dhis2_instances 
                    WHERE instance_key = :key AND status = 1 
                    LIMIT 1
[24-Jul-2025 19:53:09 UTC] Binding parameter :key with value: 'UiO'
[24-Jul-2025 19:53:09 UTC] Successfully retrieved DHIS2 config for key: 'UiO'
[24-Jul-2025 19:53:09 UTC] DHIS2 API call: GET https://tests.dhis2.hispuganda.org/hmis/api/organisationUnits?fields=id,name,path,level,parent[id]&filter=level:eq:1&paging=false
[24-Jul-2025 19:53:09 UTC] Attempting to get DHIS2 config for provided key: 'UiO'
[24-Jul-2025 19:53:09 UTC] SQL Query for DHIS2 config: SELECT url, username, password, instance_key, description, status 
                    FROM dhis2_instances 
                    WHERE instance_key = :key AND status = 1 
                    LIMIT 1
[24-Jul-2025 19:53:09 UTC] Binding parameter :key with value: 'UiO'
[24-Jul-2025 19:53:09 UTC] Successfully retrieved DHIS2 config for key: 'UiO'
[24-Jul-2025 19:53:09 UTC] CURL Error: Could not resolve host: tests.dhis2.hispuganda.org
HTTP Code: 0
Verbose log: * Could not resolve host: tests.dhis2.hispuganda.org
* Closing connection 0

[24-Jul-2025 20:11:00 UTC] Attempting to get DHIS2 config for provided key: 'UiO'
[24-Jul-2025 20:11:00 UTC] SQL Query for DHIS2 config: SELECT url, username, password, instance_key, description, status 
                    FROM dhis2_instances 
                    WHERE instance_key = :key AND status = 1 
                    LIMIT 1
[24-Jul-2025 20:11:00 UTC] Binding parameter :key with value: 'UiO'
[24-Jul-2025 20:11:00 UTC] Successfully retrieved DHIS2 config for key: 'UiO'
[24-Jul-2025 20:11:00 UTC] Attempting to get DHIS2 config for provided key: 'UiO'
[24-Jul-2025 20:11:00 UTC] SQL Query for DHIS2 config: SELECT url, username, password, instance_key, description, status 
                    FROM dhis2_instances 
                    WHERE instance_key = :key AND status = 1 
                    LIMIT 1
[24-Jul-2025 20:11:00 UTC] Binding parameter :key with value: 'UiO'
[24-Jul-2025 20:11:00 UTC] Successfully retrieved DHIS2 config for key: 'UiO'
[24-Jul-2025 20:11:00 UTC] Attempting to get DHIS2 config for provided key: 'UiO'
[24-Jul-2025 20:11:00 UTC] SQL Query for DHIS2 config: SELECT url, username, password, instance_key, description, status 
                    FROM dhis2_instances 
                    WHERE instance_key = :key AND status = 1 
                    LIMIT 1
[24-Jul-2025 20:11:00 UTC] Binding parameter :key with value: 'UiO'
[24-Jul-2025 20:11:00 UTC] Successfully retrieved DHIS2 config for key: 'UiO'
[24-Jul-2025 20:11:00 UTC] DHIS2 API call: GET https://tests.dhis2.hispuganda.org/hmis/api/organisationUnitLevels?fields=id,level,displayName
[24-Jul-2025 20:11:00 UTC] Attempting to get DHIS2 config for provided key: 'UiO'
[24-Jul-2025 20:11:00 UTC] SQL Query for DHIS2 config: SELECT url, username, password, instance_key, description, status 
                    FROM dhis2_instances 
                    WHERE instance_key = :key AND status = 1 
                    LIMIT 1
[24-Jul-2025 20:11:00 UTC] Binding parameter :key with value: 'UiO'
[24-Jul-2025 20:11:00 UTC] Successfully retrieved DHIS2 config for key: 'UiO'
[24-Jul-2025 20:11:07 UTC] HTTP Status: 200
[24-Jul-2025 20:11:07 UTC] DHIS2 Response (first 500 chars): {"pager":{"page":1,"total":5,"pageSize":50,"pageCount":1},"organisationUnitLevels":[{"level":3,"displayName":"District","id":"iITwmH31lPe"},{"level":5,"displayName":"Health Facility","id":"Sg9YZ6o7bCQ"},{"level":1,"displayName":"National","id":"Qwwy9GM6dFu"},{"level":2,"displayName":"Region","id":"CfnWgqkxbyg"},{"level":4,"displayName":"Sub County/Town Council/Div","id":"NGXlJhHTDdV"}]}
[24-Jul-2025 20:11:14 UTC] Attempting to get DHIS2 config for provided key: 'UiO'
[24-Jul-2025 20:11:14 UTC] SQL Query for DHIS2 config: SELECT url, username, password, instance_key, description, status 
                    FROM dhis2_instances 
                    WHERE instance_key = :key AND status = 1 
                    LIMIT 1
[24-Jul-2025 20:11:14 UTC] Binding parameter :key with value: 'UiO'
[24-Jul-2025 20:11:14 UTC] Successfully retrieved DHIS2 config for key: 'UiO'
[24-Jul-2025 20:11:14 UTC] Attempting to get DHIS2 config for provided key: 'UiO'
[24-Jul-2025 20:11:14 UTC] SQL Query for DHIS2 config: SELECT url, username, password, instance_key, description, status 
                    FROM dhis2_instances 
                    WHERE instance_key = :key AND status = 1 
                    LIMIT 1
[24-Jul-2025 20:11:14 UTC] Binding parameter :key with value: 'UiO'
[24-Jul-2025 20:11:14 UTC] Successfully retrieved DHIS2 config for key: 'UiO'
[24-Jul-2025 20:11:14 UTC] Attempting to get DHIS2 config for provided key: 'UiO'
[24-Jul-2025 20:11:14 UTC] SQL Query for DHIS2 config: SELECT url, username, password, instance_key, description, status 
                    FROM dhis2_instances 
                    WHERE instance_key = :key AND status = 1 
                    LIMIT 1
[24-Jul-2025 20:11:14 UTC] Binding parameter :key with value: 'UiO'
[24-Jul-2025 20:11:14 UTC] Successfully retrieved DHIS2 config for key: 'UiO'
[24-Jul-2025 20:11:14 UTC] DHIS2 API call: GET https://tests.dhis2.hispuganda.org/hmis/api/organisationUnits?fields=id,name,path,level,parent[id]&filter=level:eq:1&paging=false
[24-Jul-2025 20:11:14 UTC] Attempting to get DHIS2 config for provided key: 'UiO'
[24-Jul-2025 20:11:14 UTC] SQL Query for DHIS2 config: SELECT url, username, password, instance_key, description, status 
                    FROM dhis2_instances 
                    WHERE instance_key = :key AND status = 1 
                    LIMIT 1
[24-Jul-2025 20:11:14 UTC] Binding parameter :key with value: 'UiO'
[24-Jul-2025 20:11:14 UTC] Successfully retrieved DHIS2 config for key: 'UiO'
[24-Jul-2025 20:11:18 UTC] HTTP Status: 200
[24-Jul-2025 20:11:18 UTC] DHIS2 Response (first 500 chars): {"organisationUnits":[{"name":"MOH - Uganda","path":"/akV6429SUqu","id":"akV6429SUqu","level":1}]}
[24-Jul-2025 20:28:02 UTC] Attempting to get DHIS2 config for provided key: 'UiO'
[24-Jul-2025 20:28:02 UTC] SQL Query for DHIS2 config: SELECT url, username, password, instance_key, description, status 
                    FROM dhis2_instances 
                    WHERE instance_key = :key AND status = 1 
                    LIMIT 1
[24-Jul-2025 20:28:02 UTC] Binding parameter :key with value: 'UiO'
[24-Jul-2025 20:28:02 UTC] Successfully retrieved DHIS2 config for key: 'UiO'
[24-Jul-2025 20:28:02 UTC] Attempting to get DHIS2 config for provided key: 'UiO'
[24-Jul-2025 20:28:02 UTC] SQL Query for DHIS2 config: SELECT url, username, password, instance_key, description, status 
                    FROM dhis2_instances 
                    WHERE instance_key = :key AND status = 1 
                    LIMIT 1
[24-Jul-2025 20:28:02 UTC] Binding parameter :key with value: 'UiO'
[24-Jul-2025 20:28:02 UTC] Successfully retrieved DHIS2 config for key: 'UiO'
[24-Jul-2025 20:28:02 UTC] Attempting to get DHIS2 config for provided key: 'UiO'
[24-Jul-2025 20:28:02 UTC] SQL Query for DHIS2 config: SELECT url, username, password, instance_key, description, status 
                    FROM dhis2_instances 
                    WHERE instance_key = :key AND status = 1 
                    LIMIT 1
[24-Jul-2025 20:28:02 UTC] Binding parameter :key with value: 'UiO'
[24-Jul-2025 20:28:02 UTC] Successfully retrieved DHIS2 config for key: 'UiO'
[24-Jul-2025 20:28:02 UTC] DHIS2 API call: GET https://tests.dhis2.hispuganda.org/hmis/api/organisationUnitLevels?fields=id,level,displayName
[24-Jul-2025 20:28:02 UTC] Attempting to get DHIS2 config for provided key: 'UiO'
[24-Jul-2025 20:28:02 UTC] SQL Query for DHIS2 config: SELECT url, username, password, instance_key, description, status 
                    FROM dhis2_instances 
                    WHERE instance_key = :key AND status = 1 
                    LIMIT 1
[24-Jul-2025 20:28:02 UTC] Binding parameter :key with value: 'UiO'
[24-Jul-2025 20:28:02 UTC] Successfully retrieved DHIS2 config for key: 'UiO'
[24-Jul-2025 20:28:02 UTC] HTTP Status: 200
[24-Jul-2025 20:28:02 UTC] DHIS2 Response (first 500 chars): {"pager":{"page":1,"total":5,"pageSize":50,"pageCount":1},"organisationUnitLevels":[{"level":3,"displayName":"District","id":"iITwmH31lPe"},{"level":5,"displayName":"Health Facility","id":"Sg9YZ6o7bCQ"},{"level":1,"displayName":"National","id":"Qwwy9GM6dFu"},{"level":2,"displayName":"Region","id":"CfnWgqkxbyg"},{"level":4,"displayName":"Sub County/Town Council/Div","id":"NGXlJhHTDdV"}]}
[24-Jul-2025 20:28:16 UTC] Attempting to get DHIS2 config for provided key: 'UiO'
[24-Jul-2025 20:28:16 UTC] SQL Query for DHIS2 config: SELECT url, username, password, instance_key, description, status 
                    FROM dhis2_instances 
                    WHERE instance_key = :key AND status = 1 
                    LIMIT 1
[24-Jul-2025 20:28:16 UTC] Binding parameter :key with value: 'UiO'
[24-Jul-2025 20:28:16 UTC] Successfully retrieved DHIS2 config for key: 'UiO'
[24-Jul-2025 20:28:16 UTC] Attempting to get DHIS2 config for provided key: 'UiO'
[24-Jul-2025 20:28:16 UTC] SQL Query for DHIS2 config: SELECT url, username, password, instance_key, description, status 
                    FROM dhis2_instances 
                    WHERE instance_key = :key AND status = 1 
                    LIMIT 1
[24-Jul-2025 20:28:16 UTC] Binding parameter :key with value: 'UiO'
[24-Jul-2025 20:28:16 UTC] Successfully retrieved DHIS2 config for key: 'UiO'
[24-Jul-2025 20:28:16 UTC] Attempting to get DHIS2 config for provided key: 'UiO'
[24-Jul-2025 20:28:16 UTC] SQL Query for DHIS2 config: SELECT url, username, password, instance_key, description, status 
                    FROM dhis2_instances 
                    WHERE instance_key = :key AND status = 1 
                    LIMIT 1
[24-Jul-2025 20:28:16 UTC] Binding parameter :key with value: 'UiO'
[24-Jul-2025 20:28:16 UTC] Successfully retrieved DHIS2 config for key: 'UiO'
[24-Jul-2025 20:28:16 UTC] DHIS2 API call: GET https://tests.dhis2.hispuganda.org/hmis/api/organisationUnits?fields=id,name,path,level,parent[id]&filter=level:eq:1&paging=false
[24-Jul-2025 20:28:16 UTC] Attempting to get DHIS2 config for provided key: 'UiO'
[24-Jul-2025 20:28:16 UTC] SQL Query for DHIS2 config: SELECT url, username, password, instance_key, description, status 
                    FROM dhis2_instances 
                    WHERE instance_key = :key AND status = 1 
                    LIMIT 1
[24-Jul-2025 20:28:16 UTC] Binding parameter :key with value: 'UiO'
[24-Jul-2025 20:28:16 UTC] Successfully retrieved DHIS2 config for key: 'UiO'
[24-Jul-2025 20:28:18 UTC] HTTP Status: 200
[24-Jul-2025 20:28:18 UTC] DHIS2 Response (first 500 chars): {"organisationUnits":[{"name":"MOH - Uganda","path":"/akV6429SUqu","id":"akV6429SUqu","level":1}]}
[24-Jul-2025 20:29:14 UTC] Attempting to get DHIS2 config for provided key: 'UiO'
[24-Jul-2025 20:29:14 UTC] SQL Query for DHIS2 config: SELECT url, username, password, instance_key, description, status 
                    FROM dhis2_instances 
                    WHERE instance_key = :key AND status = 1 
                    LIMIT 1
[24-Jul-2025 20:29:14 UTC] Binding parameter :key with value: 'UiO'
[24-Jul-2025 20:29:14 UTC] Successfully retrieved DHIS2 config for key: 'UiO'
[24-Jul-2025 20:29:14 UTC] Attempting to get DHIS2 config for provided key: 'UiO'
[24-Jul-2025 20:29:14 UTC] SQL Query for DHIS2 config: SELECT url, username, password, instance_key, description, status 
                    FROM dhis2_instances 
                    WHERE instance_key = :key AND status = 1 
                    LIMIT 1
[24-Jul-2025 20:29:14 UTC] Binding parameter :key with value: 'UiO'
[24-Jul-2025 20:29:14 UTC] Successfully retrieved DHIS2 config for key: 'UiO'
[24-Jul-2025 20:29:14 UTC] Attempting to get DHIS2 config for provided key: 'UiO'
[24-Jul-2025 20:29:14 UTC] SQL Query for DHIS2 config: SELECT url, username, password, instance_key, description, status 
                    FROM dhis2_instances 
                    WHERE instance_key = :key AND status = 1 
                    LIMIT 1
[24-Jul-2025 20:29:14 UTC] Binding parameter :key with value: 'UiO'
[24-Jul-2025 20:29:14 UTC] Successfully retrieved DHIS2 config for key: 'UiO'
[24-Jul-2025 20:29:14 UTC] DHIS2 API call: GET https://tests.dhis2.hispuganda.org/hmis/api/organisationUnitLevels?fields=id,level,displayName
[24-Jul-2025 20:29:14 UTC] Attempting to get DHIS2 config for provided key: 'UiO'
[24-Jul-2025 20:29:14 UTC] SQL Query for DHIS2 config: SELECT url, username, password, instance_key, description, status 
                    FROM dhis2_instances 
                    WHERE instance_key = :key AND status = 1 
                    LIMIT 1
[24-Jul-2025 20:29:14 UTC] Binding parameter :key with value: 'UiO'
[24-Jul-2025 20:29:14 UTC] Successfully retrieved DHIS2 config for key: 'UiO'
[24-Jul-2025 20:29:14 UTC] HTTP Status: 200
[24-Jul-2025 20:29:14 UTC] DHIS2 Response (first 500 chars): {"pager":{"page":1,"total":5,"pageSize":50,"pageCount":1},"organisationUnitLevels":[{"level":3,"displayName":"District","id":"iITwmH31lPe"},{"level":5,"displayName":"Health Facility","id":"Sg9YZ6o7bCQ"},{"level":1,"displayName":"National","id":"Qwwy9GM6dFu"},{"level":2,"displayName":"Region","id":"CfnWgqkxbyg"},{"level":4,"displayName":"Sub County/Town Council/Div","id":"NGXlJhHTDdV"}]}
[24-Jul-2025 20:29:17 UTC] Attempting to get DHIS2 config for provided key: 'UiO'
[24-Jul-2025 20:29:17 UTC] SQL Query for DHIS2 config: SELECT url, username, password, instance_key, description, status 
                    FROM dhis2_instances 
                    WHERE instance_key = :key AND status = 1 
                    LIMIT 1
[24-Jul-2025 20:29:17 UTC] Binding parameter :key with value: 'UiO'
[24-Jul-2025 20:29:17 UTC] Successfully retrieved DHIS2 config for key: 'UiO'
[24-Jul-2025 20:29:17 UTC] Attempting to get DHIS2 config for provided key: 'UiO'
[24-Jul-2025 20:29:17 UTC] SQL Query for DHIS2 config: SELECT url, username, password, instance_key, description, status 
                    FROM dhis2_instances 
                    WHERE instance_key = :key AND status = 1 
                    LIMIT 1
[24-Jul-2025 20:29:17 UTC] Binding parameter :key with value: 'UiO'
[24-Jul-2025 20:29:17 UTC] Successfully retrieved DHIS2 config for key: 'UiO'
[24-Jul-2025 20:29:17 UTC] Attempting to get DHIS2 config for provided key: 'UiO'
[24-Jul-2025 20:29:17 UTC] SQL Query for DHIS2 config: SELECT url, username, password, instance_key, description, status 
                    FROM dhis2_instances 
                    WHERE instance_key = :key AND status = 1 
                    LIMIT 1
[24-Jul-2025 20:29:17 UTC] Binding parameter :key with value: 'UiO'
[24-Jul-2025 20:29:17 UTC] Successfully retrieved DHIS2 config for key: 'UiO'
[24-Jul-2025 20:29:17 UTC] DHIS2 API call: GET https://tests.dhis2.hispuganda.org/hmis/api/organisationUnits?fields=id,name,path,level,parent[id]&filter=level:eq:1&paging=false
[24-Jul-2025 20:29:17 UTC] Attempting to get DHIS2 config for provided key: 'UiO'
[24-Jul-2025 20:29:17 UTC] SQL Query for DHIS2 config: SELECT url, username, password, instance_key, description, status 
                    FROM dhis2_instances 
                    WHERE instance_key = :key AND status = 1 
                    LIMIT 1
[24-Jul-2025 20:29:17 UTC] Binding parameter :key with value: 'UiO'
[24-Jul-2025 20:29:17 UTC] Successfully retrieved DHIS2 config for key: 'UiO'
[24-Jul-2025 20:29:18 UTC] HTTP Status: 200
[24-Jul-2025 20:29:18 UTC] DHIS2 Response (first 500 chars): {"organisationUnits":[{"name":"MOH - Uganda","path":"/akV6429SUqu","id":"akV6429SUqu","level":1}]}
[24-Jul-2025 20:35:53 UTC] Attempting to get DHIS2 config for provided key: 'eHMIS'
[24-Jul-2025 20:35:53 UTC] SQL Query for DHIS2 config: SELECT url, username, password, instance_key, description, status 
                    FROM dhis2_instances 
                    WHERE instance_key = :key AND status = 1 
                    LIMIT 1
[24-Jul-2025 20:35:53 UTC] Binding parameter :key with value: 'eHMIS'
[24-Jul-2025 20:35:53 UTC] Successfully retrieved DHIS2 config for key: 'eHMIS'
[24-Jul-2025 20:35:53 UTC] Attempting to get DHIS2 config for provided key: 'eHMIS'
[24-Jul-2025 20:35:53 UTC] SQL Query for DHIS2 config: SELECT url, username, password, instance_key, description, status 
                    FROM dhis2_instances 
                    WHERE instance_key = :key AND status = 1 
                    LIMIT 1
[24-Jul-2025 20:35:53 UTC] Binding parameter :key with value: 'eHMIS'
[24-Jul-2025 20:35:53 UTC] Successfully retrieved DHIS2 config for key: 'eHMIS'
[24-Jul-2025 20:35:53 UTC] Attempting to get DHIS2 config for provided key: 'eHMIS'
[24-Jul-2025 20:35:53 UTC] SQL Query for DHIS2 config: SELECT url, username, password, instance_key, description, status 
                    FROM dhis2_instances 
                    WHERE instance_key = :key AND status = 1 
                    LIMIT 1
[24-Jul-2025 20:35:53 UTC] Binding parameter :key with value: 'eHMIS'
[24-Jul-2025 20:35:53 UTC] Successfully retrieved DHIS2 config for key: 'eHMIS'
[24-Jul-2025 20:35:53 UTC] DHIS2 API call: GET https://hmis.moh.go.ug/api/organisationUnitLevels?fields=id,level,displayName
[24-Jul-2025 20:35:53 UTC] Attempting to get DHIS2 config for provided key: 'eHMIS'
[24-Jul-2025 20:35:53 UTC] SQL Query for DHIS2 config: SELECT url, username, password, instance_key, description, status 
                    FROM dhis2_instances 
                    WHERE instance_key = :key AND status = 1 
                    LIMIT 1
[24-Jul-2025 20:35:53 UTC] Binding parameter :key with value: 'eHMIS'
[24-Jul-2025 20:35:53 UTC] Successfully retrieved DHIS2 config for key: 'eHMIS'
[24-Jul-2025 20:35:53 UTC] CURL Error: Could not resolve host: hmis.moh.go.ug
HTTP Code: 0
Verbose log: * Could not resolve host: hmis.moh.go.ug
* Closing connection 0

[25-Jul-2025 05:22:47 UTC] Attempting to get DHIS2 config for provided key: 'EMIS'
[25-Jul-2025 05:22:47 UTC] SQL Query for DHIS2 config: SELECT url, username, password, instance_key, description, status 
                    FROM dhis2_instances 
                    WHERE instance_key = :key AND status = 1 
                    LIMIT 1
[25-Jul-2025 05:22:47 UTC] Binding parameter :key with value: 'EMIS'
[25-Jul-2025 05:22:47 UTC] Successfully retrieved DHIS2 config for key: 'EMIS'
[25-Jul-2025 05:22:47 UTC] Attempting to get DHIS2 config for provided key: 'EMIS'
[25-Jul-2025 05:22:47 UTC] SQL Query for DHIS2 config: SELECT url, username, password, instance_key, description, status 
                    FROM dhis2_instances 
                    WHERE instance_key = :key AND status = 1 
                    LIMIT 1
[25-Jul-2025 05:22:47 UTC] Binding parameter :key with value: 'EMIS'
[25-Jul-2025 05:22:47 UTC] Successfully retrieved DHIS2 config for key: 'EMIS'
[25-Jul-2025 05:22:47 UTC] Attempting to get DHIS2 config for provided key: 'EMIS'
[25-Jul-2025 05:22:47 UTC] SQL Query for DHIS2 config: SELECT url, username, password, instance_key, description, status 
                    FROM dhis2_instances 
                    WHERE instance_key = :key AND status = 1 
                    LIMIT 1
[25-Jul-2025 05:22:47 UTC] Binding parameter :key with value: 'EMIS'
[25-Jul-2025 05:22:47 UTC] Successfully retrieved DHIS2 config for key: 'EMIS'
[25-Jul-2025 05:22:47 UTC] DHIS2 API call: GET https://emisuganda.org/emis/api/organisationUnitLevels?fields=id,level,displayName
[25-Jul-2025 05:22:47 UTC] Attempting to get DHIS2 config for provided key: 'EMIS'
[25-Jul-2025 05:22:47 UTC] SQL Query for DHIS2 config: SELECT url, username, password, instance_key, description, status 
                    FROM dhis2_instances 
                    WHERE instance_key = :key AND status = 1 
                    LIMIT 1
[25-Jul-2025 05:22:47 UTC] Binding parameter :key with value: 'EMIS'
[25-Jul-2025 05:22:47 UTC] Successfully retrieved DHIS2 config for key: 'EMIS'
[25-Jul-2025 05:22:47 UTC] HTTP Status: 200
[25-Jul-2025 05:22:47 UTC] DHIS2 Response (first 500 chars): {"pager":{"page":1,"total":8,"pageSize":50,"pageCount":1},"organisationUnitLevels":[{"level":3,"displayName":"District","id":"rIJqxNmVvMR"},{"level":8,"displayName":"Level 8","id":"JEg76BKStvd"},{"level":4,"displayName":"MC/CC/DLG","id":"QsWp5TJdnn6"},{"level":1,"displayName":"National","id":"tK8wKE2QH6p"},{"level":6,"displayName":"Parishes","id":"RfPeRkILLJJ"},{"level":2,"displayName":"Region","id":"e0b1slUmwcK"},{"level":7,"displayName":"Schools","id":"OT9v7uJbcKb"},{"level":5,"displayName":"S
[25-Jul-2025 05:22:57 UTC] Attempting to get DHIS2 config for provided key: 'UiO'
[25-Jul-2025 05:22:57 UTC] SQL Query for DHIS2 config: SELECT url, username, password, instance_key, description, status 
                    FROM dhis2_instances 
                    WHERE instance_key = :key AND status = 1 
                    LIMIT 1
[25-Jul-2025 05:22:57 UTC] Binding parameter :key with value: 'UiO'
[25-Jul-2025 05:22:57 UTC] Successfully retrieved DHIS2 config for key: 'UiO'
[25-Jul-2025 05:22:57 UTC] Attempting to get DHIS2 config for provided key: 'UiO'
[25-Jul-2025 05:22:57 UTC] SQL Query for DHIS2 config: SELECT url, username, password, instance_key, description, status 
                    FROM dhis2_instances 
                    WHERE instance_key = :key AND status = 1 
                    LIMIT 1
[25-Jul-2025 05:22:57 UTC] Binding parameter :key with value: 'UiO'
[25-Jul-2025 05:22:57 UTC] Successfully retrieved DHIS2 config for key: 'UiO'
[25-Jul-2025 05:22:57 UTC] Attempting to get DHIS2 config for provided key: 'UiO'
[25-Jul-2025 05:22:57 UTC] SQL Query for DHIS2 config: SELECT url, username, password, instance_key, description, status 
                    FROM dhis2_instances 
                    WHERE instance_key = :key AND status = 1 
                    LIMIT 1
[25-Jul-2025 05:22:57 UTC] Binding parameter :key with value: 'UiO'
[25-Jul-2025 05:22:57 UTC] Successfully retrieved DHIS2 config for key: 'UiO'
[25-Jul-2025 05:22:57 UTC] DHIS2 API call: GET https://tests.dhis2.hispuganda.org/hmis/api/dataSets?fields=id,name
[25-Jul-2025 05:22:57 UTC] Attempting to get DHIS2 config for provided key: 'UiO'
[25-Jul-2025 05:22:57 UTC] SQL Query for DHIS2 config: SELECT url, username, password, instance_key, description, status 
                    FROM dhis2_instances 
                    WHERE instance_key = :key AND status = 1 
                    LIMIT 1
[25-Jul-2025 05:22:57 UTC] Binding parameter :key with value: 'UiO'
[25-Jul-2025 05:22:57 UTC] Successfully retrieved DHIS2 config for key: 'UiO'
[25-Jul-2025 05:22:59 UTC] HTTP Status: 200
[25-Jul-2025 05:22:59 UTC] DHIS2 Response (first 500 chars): {"pager":{"page":1,"total":45,"pageSize":50,"pageCount":1},"dataSets":[{"name":"Beta Testing Data Set","id":"MxmzmlAdki6"},{"name":"CCH - Climate/Weather","id":"mck6wRvBafz"},{"name":"CHAP test dataset","id":"GwIRyi44faA"},{"name":"District CC DATA Template","id":"FjddpUSKKW1"},{"name":"ETDataset","id":"rmaYTmNPkVA"},{"name":"HMIS 033b - Weekly Epidemiological Surveillance Report","id":"C4oUitImBPK"},{"name":"HMIS 097b - VHT/ICCM Quarterly Report","id":"onFoQ4ko74y"},{"name":"HMIS 104 - NTDS MDA
